Analysis & Synthesis report for atv1aula1
Sun Oct 09 16:22:15 2022
Quartus Prime Version 20.1.0 Build 711 06/05/2020 SJ Lite Edition


---------------------
; Table of Contents ;
---------------------
  1. Legal Notice
  2. Analysis & Synthesis Summary
  3. Analysis & Synthesis Settings
  4. Parallel Compilation
  5. Analysis & Synthesis Source Files Read
  6. Analysis & Synthesis Resource Usage Summary
  7. Analysis & Synthesis Resource Utilization by Entity
  8. General Register Statistics
  9. Parameter Settings for User Entity Instance: Top-level Entity: |TopLevel
 10. Parameter Settings for User Entity Instance: sete_segmentos:HEXS|registradorGenerico:REGISTRADOR_0
 11. Parameter Settings for User Entity Instance: sete_segmentos:HEXS|registradorGenerico:REGISTRADOR_1
 12. Parameter Settings for User Entity Instance: sete_segmentos:HEXS|registradorGenerico:REGISTRADOR_2
 13. Parameter Settings for User Entity Instance: sete_segmentos:HEXS|registradorGenerico:REGISTRADOR_3
 14. Parameter Settings for User Entity Instance: sete_segmentos:HEXS|registradorGenerico:REGISTRADOR_4
 15. Parameter Settings for User Entity Instance: sete_segmentos:HEXS|registradorGenerico:REGISTRADOR_5
 16. Parameter Settings for User Entity Instance: LED:LEDS|registradorGenerico:LEDR
 17. Parameter Settings for User Entity Instance: Processador:MP|muxGenerico4x1:MUX2
 18. Parameter Settings for User Entity Instance: Processador:MP|muxGenerico2x1:MUX1
 19. Parameter Settings for User Entity Instance: Processador:MP|registradorGenerico:REGA
 20. Parameter Settings for User Entity Instance: Processador:MP|registradorGenerico:END_RETORNO
 21. Parameter Settings for User Entity Instance: Processador:MP|registradorGenerico:PC
 22. Parameter Settings for User Entity Instance: Processador:MP|somaConstante:incrementaPC
 23. Parameter Settings for User Entity Instance: Processador:MP|ULASomaSub:ULA1
 24. Parameter Settings for User Entity Instance: memoriaRAM:RAM1
 25. Parameter Settings for User Entity Instance: memoriaROM:ROM1
 26. Port Connectivity Checks: "Processador:MP|registradorGenerico:PC"
 27. Port Connectivity Checks: "Processador:MP|FlipFlopUnitario:REGE"
 28. Port Connectivity Checks: "Processador:MP|registradorGenerico:END_RETORNO"
 29. Port Connectivity Checks: "Processador:MP|registradorGenerico:REGA"
 30. Port Connectivity Checks: "Processador:MP|muxGenerico4x1:MUX2"
 31. Port Connectivity Checks: "Processador:MP"
 32. Port Connectivity Checks: "Decoder3x8:DEC1"
 33. Port Connectivity Checks: "LED:LEDS|registradorGenerico:LEDR"
 34. Port Connectivity Checks: "LED:LEDS|FlipFlopUnitario:LED2"
 35. Port Connectivity Checks: "LED:LEDS|FlipFlopUnitario:LED1"
 36. Port Connectivity Checks: "LED:LEDS"
 37. Port Connectivity Checks: "sete_segmentos:HEXS|conversorHex7Seg:HEXADECIMAL_5"
 38. Port Connectivity Checks: "sete_segmentos:HEXS|registradorGenerico:REGISTRADOR_5"
 39. Port Connectivity Checks: "sete_segmentos:HEXS|conversorHex7Seg:HEXADECIMAL_4"
 40. Port Connectivity Checks: "sete_segmentos:HEXS|registradorGenerico:REGISTRADOR_4"
 41. Port Connectivity Checks: "sete_segmentos:HEXS|conversorHex7Seg:HEXADECIMAL_3"
 42. Port Connectivity Checks: "sete_segmentos:HEXS|registradorGenerico:REGISTRADOR_3"
 43. Port Connectivity Checks: "sete_segmentos:HEXS|conversorHex7Seg:HEXADECIMAL_2"
 44. Port Connectivity Checks: "sete_segmentos:HEXS|registradorGenerico:REGISTRADOR_2"
 45. Port Connectivity Checks: "sete_segmentos:HEXS|conversorHex7Seg:HEXADECIMAL_1"
 46. Port Connectivity Checks: "sete_segmentos:HEXS|registradorGenerico:REGISTRADOR_1"
 47. Port Connectivity Checks: "sete_segmentos:HEXS|conversorHex7Seg:HEXADECIMAL_0"
 48. Port Connectivity Checks: "sete_segmentos:HEXS|registradorGenerico:REGISTRADOR_0"
 49. Port Connectivity Checks: "sete_segmentos:HEXS"
 50. Port Connectivity Checks: "buffer_3_state_8portas:SW_9"
 51. Port Connectivity Checks: "buffer_3_state_8portas:SW_8"
 52. Port Connectivity Checks: "buffer_3_state_8portas:FPGA_RESET"
 53. Port Connectivity Checks: "buffer_3_state_8portas:KEY3"
 54. Port Connectivity Checks: "buffer_3_state_8portas:KEY2"
 55. Port Connectivity Checks: "buffer_3_state_8portas:KEY1"
 56. Post-Synthesis Netlist Statistics for Top Partition
 57. Elapsed Time Per Partition
 58. Analysis & Synthesis Messages



----------------
; Legal Notice ;
----------------
Copyright (C) 2020  Intel Corporation. All rights reserved.
Your use of Intel Corporation's design tools, logic functions 
and other software and tools, and any partner logic 
functions, and any output files from any of the foregoing 
(including device programming or simulation files), and any 
associated documentation or information are expressly subject 
to the terms and conditions of the Intel Program License 
Subscription Agreement, the Intel Quartus Prime License Agreement,
the Intel FPGA IP License Agreement, or other applicable license
agreement, including, without limitation, that your use is for
the sole purpose of programming logic devices manufactured by
Intel and sold by Intel or its authorized distributors.  Please
refer to the applicable agreement for further details, at
https://fpgasoftware.intel.com/eula.



+-------------------------------------------------------------------------------+
; Analysis & Synthesis Summary                                                  ;
+---------------------------------+---------------------------------------------+
; Analysis & Synthesis Status     ; Successful - Sun Oct 09 16:22:15 2022       ;
; Quartus Prime Version           ; 20.1.0 Build 711 06/05/2020 SJ Lite Edition ;
; Revision Name                   ; atv1aula1                                   ;
; Top-level Entity Name           ; TopLevel                                    ;
; Family                          ; Cyclone V                                   ;
; Logic utilization (in ALMs)     ; N/A                                         ;
; Total registers                 ; 0                                           ;
; Total pins                      ; 26                                          ;
; Total virtual pins              ; 0                                           ;
; Total block memory bits         ; 0                                           ;
; Total DSP Blocks                ; 0                                           ;
; Total HSSI RX PCSs              ; 0                                           ;
; Total HSSI PMA RX Deserializers ; 0                                           ;
; Total HSSI TX PCSs              ; 0                                           ;
; Total HSSI PMA TX Serializers   ; 0                                           ;
; Total PLLs                      ; 0                                           ;
; Total DLLs                      ; 0                                           ;
+---------------------------------+---------------------------------------------+


+---------------------------------------------------------------------------------------------------------------------------+
; Analysis & Synthesis Settings                                                                                             ;
+---------------------------------------------------------------------------------+--------------------+--------------------+
; Option                                                                          ; Setting            ; Default Value      ;
+---------------------------------------------------------------------------------+--------------------+--------------------+
; Device                                                                          ; 5CEBA4F23C7        ;                    ;
; Top-level entity name                                                           ; TopLevel           ; atv1aula1          ;
; Family name                                                                     ; Cyclone V          ; Cyclone V          ;
; VHDL Show LMF Mapping Messages                                                  ; Off                ;                    ;
; VHDL Version                                                                    ; VHDL_2008          ; VHDL_1993          ;
; Use smart compilation                                                           ; Off                ; Off                ;
; Enable parallel Assembler and Timing Analyzer during compilation                ; On                 ; On                 ;
; Enable compact report table                                                     ; Off                ; Off                ;
; Restructure Multiplexers                                                        ; Auto               ; Auto               ;
; MLAB Add Timing Constraints For Mixed-Port Feed-Through Mode Setting Don't Care ; Off                ; Off                ;
; Create Debugging Nodes for IP Cores                                             ; Off                ; Off                ;
; Preserve fewer node names                                                       ; On                 ; On                 ;
; Intel FPGA IP Evaluation Mode                                                   ; Enable             ; Enable             ;
; Verilog Version                                                                 ; Verilog_2001       ; Verilog_2001       ;
; State Machine Processing                                                        ; Auto               ; Auto               ;
; Safe State Machine                                                              ; Off                ; Off                ;
; Extract Verilog State Machines                                                  ; On                 ; On                 ;
; Extract VHDL State Machines                                                     ; On                 ; On                 ;
; Ignore Verilog initial constructs                                               ; Off                ; Off                ;
; Iteration limit for constant Verilog loops                                      ; 5000               ; 5000               ;
; Iteration limit for non-constant Verilog loops                                  ; 250                ; 250                ;
; Add Pass-Through Logic to Inferred RAMs                                         ; On                 ; On                 ;
; Infer RAMs from Raw Logic                                                       ; On                 ; On                 ;
; Parallel Synthesis                                                              ; On                 ; On                 ;
; DSP Block Balancing                                                             ; Auto               ; Auto               ;
; NOT Gate Push-Back                                                              ; On                 ; On                 ;
; Power-Up Don't Care                                                             ; On                 ; On                 ;
; Remove Redundant Logic Cells                                                    ; Off                ; Off                ;
; Remove Duplicate Registers                                                      ; On                 ; On                 ;
; Ignore CARRY Buffers                                                            ; Off                ; Off                ;
; Ignore CASCADE Buffers                                                          ; Off                ; Off                ;
; Ignore GLOBAL Buffers                                                           ; Off                ; Off                ;
; Ignore ROW GLOBAL Buffers                                                       ; Off                ; Off                ;
; Ignore LCELL Buffers                                                            ; Off                ; Off                ;
; Ignore SOFT Buffers                                                             ; On                 ; On                 ;
; Limit AHDL Integers to 32 Bits                                                  ; Off                ; Off                ;
; Optimization Technique                                                          ; Balanced           ; Balanced           ;
; Carry Chain Length                                                              ; 70                 ; 70                 ;
; Auto Carry Chains                                                               ; On                 ; On                 ;
; Auto Open-Drain Pins                                                            ; On                 ; On                 ;
; Perform WYSIWYG Primitive Resynthesis                                           ; Off                ; Off                ;
; Auto ROM Replacement                                                            ; On                 ; On                 ;
; Auto RAM Replacement                                                            ; On                 ; On                 ;
; Auto DSP Block Replacement                                                      ; On                 ; On                 ;
; Auto Shift Register Replacement                                                 ; Auto               ; Auto               ;
; Allow Shift Register Merging across Hierarchies                                 ; Auto               ; Auto               ;
; Auto Clock Enable Replacement                                                   ; On                 ; On                 ;
; Strict RAM Replacement                                                          ; Off                ; Off                ;
; Allow Synchronous Control Signals                                               ; On                 ; On                 ;
; Force Use of Synchronous Clear Signals                                          ; Off                ; Off                ;
; Auto Resource Sharing                                                           ; Off                ; Off                ;
; Allow Any RAM Size For Recognition                                              ; Off                ; Off                ;
; Allow Any ROM Size For Recognition                                              ; Off                ; Off                ;
; Allow Any Shift Register Size For Recognition                                   ; Off                ; Off                ;
; Use LogicLock Constraints during Resource Balancing                             ; On                 ; On                 ;
; Ignore translate_off and synthesis_off directives                               ; Off                ; Off                ;
; Timing-Driven Synthesis                                                         ; On                 ; On                 ;
; Report Parameter Settings                                                       ; On                 ; On                 ;
; Report Source Assignments                                                       ; On                 ; On                 ;
; Report Connectivity Checks                                                      ; On                 ; On                 ;
; Ignore Maximum Fan-Out Assignments                                              ; Off                ; Off                ;
; Synchronization Register Chain Length                                           ; 3                  ; 3                  ;
; Power Optimization During Synthesis                                             ; Normal compilation ; Normal compilation ;
; HDL message level                                                               ; Level2             ; Level2             ;
; Suppress Register Optimization Related Messages                                 ; Off                ; Off                ;
; Number of Removed Registers Reported in Synthesis Report                        ; 5000               ; 5000               ;
; Number of Swept Nodes Reported in Synthesis Report                              ; 5000               ; 5000               ;
; Number of Inverted Registers Reported in Synthesis Report                       ; 100                ; 100                ;
; Clock MUX Protection                                                            ; On                 ; On                 ;
; Auto Gated Clock Conversion                                                     ; Off                ; Off                ;
; Block Design Naming                                                             ; Auto               ; Auto               ;
; SDC constraint protection                                                       ; Off                ; Off                ;
; Synthesis Effort                                                                ; Auto               ; Auto               ;
; Shift Register Replacement - Allow Asynchronous Clear Signal                    ; On                 ; On                 ;
; Pre-Mapping Resynthesis Optimization                                            ; Off                ; Off                ;
; Analysis & Synthesis Message Level                                              ; Medium             ; Medium             ;
; Disable Register Merging Across Hierarchies                                     ; Auto               ; Auto               ;
; Resource Aware Inference For Block RAM                                          ; On                 ; On                 ;
; Automatic Parallel Synthesis                                                    ; On                 ; On                 ;
; Partial Reconfiguration Bitstream ID                                            ; Off                ; Off                ;
+---------------------------------------------------------------------------------+--------------------+--------------------+


+------------------------------------------+
; Parallel Compilation                     ;
+----------------------------+-------------+
; Processors                 ; Number      ;
+----------------------------+-------------+
; Number detected on machine ; 8           ;
; Maximum allowed            ; 4           ;
;                            ;             ;
; Average used               ; 1.00        ;
; Maximum used               ; 1           ;
;                            ;             ;
; Usage by Processor         ; % Time Used ;
;     Processor 1            ; 100.0%      ;
+----------------------------+-------------+


+-------------------------------------------------------------------------------------------------------------------------------+
; Analysis & Synthesis Source Files Read                                                                                        ;
+----------------------------------+-----------------+-----------------+----------------------------------------------+---------+
; File Name with User-Entered Path ; Used in Netlist ; File Type       ; File Name with Absolute Path                 ; Library ;
+----------------------------------+-----------------+-----------------+----------------------------------------------+---------+
; ULASomaSub.vhd                   ; yes             ; User VHDL File  ; C:/DesComp/AULA_8/ULASomaSub.vhd             ;         ;
; TopLevel.vhd                     ; yes             ; User VHDL File  ; C:/DesComp/AULA_8/TopLevel.vhd               ;         ;
; registradorGenerico.vhd          ; yes             ; User VHDL File  ; C:/DesComp/AULA_8/registradorGenerico.vhd    ;         ;
; muxGenerico2x1.vhd               ; yes             ; User VHDL File  ; C:/DesComp/AULA_8/muxGenerico2x1.vhd         ;         ;
; memoriaROM.vhd                   ; yes             ; User VHDL File  ; C:/DesComp/AULA_8/memoriaROM.vhd             ;         ;
; somaConstante.vhd                ; yes             ; User VHDL File  ; C:/DesComp/AULA_8/somaConstante.vhd          ;         ;
; decoderInstru.vhd                ; yes             ; User VHDL File  ; C:/DesComp/AULA_8/decoderInstru.vhd          ;         ;
; memoriaRAM.vhd                   ; yes             ; User VHDL File  ; C:/DesComp/AULA_8/memoriaRAM.vhd             ;         ;
; FlipFlopUnitario.vhd             ; yes             ; User VHDL File  ; C:/DesComp/AULA_8/FlipFlopUnitario.vhd       ;         ;
; LogicaDeDesvio.vhd               ; yes             ; User VHDL File  ; C:/DesComp/AULA_8/LogicaDeDesvio.vhd         ;         ;
; muxGenerico4x1.vhd               ; yes             ; User VHDL File  ; C:/DesComp/AULA_8/muxGenerico4x1.vhd         ;         ;
; Processador.vhd                  ; yes             ; User VHDL File  ; C:/DesComp/AULA_8/Processador.vhd            ;         ;
; Decoder3x8.vhd                   ; yes             ; User VHDL File  ; C:/DesComp/AULA_8/Decoder3x8.vhd             ;         ;
; LED.vhd                          ; yes             ; User VHDL File  ; C:/DesComp/AULA_8/LED.vhd                    ;         ;
; buffer_3_state_8portas.vhd       ; yes             ; User VHDL File  ; C:/DesComp/AULA_8/buffer_3_state_8portas.vhd ;         ;
; conversorHex7Seg.vhd             ; yes             ; User VHDL File  ; C:/DesComp/AULA_8/conversorHex7Seg.vhd       ;         ;
; seteSegmentos.vhd                ; yes             ; User VHDL File  ; C:/DesComp/AULA_8/seteSegmentos.vhd          ;         ;
+----------------------------------+-----------------+-----------------+----------------------------------------------+---------+


+--------------------------------------------------------+
; Analysis & Synthesis Resource Usage Summary            ;
+---------------------------------------------+----------+
; Resource                                    ; Usage    ;
+---------------------------------------------+----------+
; Estimate of Logic utilization (ALMs needed) ; 0        ;
;                                             ;          ;
; Combinational ALUT usage for logic          ; 0        ;
;     -- 7 input functions                    ; 0        ;
;     -- 6 input functions                    ; 0        ;
;     -- 5 input functions                    ; 0        ;
;     -- 4 input functions                    ; 0        ;
;     -- <=3 input functions                  ; 0        ;
;                                             ;          ;
; Dedicated logic registers                   ; 0        ;
;                                             ;          ;
; I/O pins                                    ; 26       ;
;                                             ;          ;
; Total DSP Blocks                            ; 0        ;
;                                             ;          ;
; Maximum fan-out node                        ; CLOCK_50 ;
; Maximum fan-out                             ; 1        ;
; Total fan-out                               ; 26       ;
; Average fan-out                             ; 0.50     ;
+---------------------------------------------+----------+


+----------------------------------------------------------------------------------------------------------------------------------------------------------------------------------------+
; Analysis & Synthesis Resource Utilization by Entity                                                                                                                                    ;
+----------------------------+---------------------+---------------------------+-------------------+------------+------+--------------+---------------------+-------------+--------------+
; Compilation Hierarchy Node ; Combinational ALUTs ; Dedicated Logic Registers ; Block Memory Bits ; DSP Blocks ; Pins ; Virtual Pins ; Full Hierarchy Name ; Entity Name ; Library Name ;
+----------------------------+---------------------+---------------------------+-------------------+------------+------+--------------+---------------------+-------------+--------------+
; |TopLevel                  ; 0 (0)               ; 0 (0)                     ; 0                 ; 0          ; 26   ; 0            ; |TopLevel           ; TopLevel    ; work         ;
+----------------------------+---------------------+---------------------------+-------------------+------------+------+--------------+---------------------+-------------+--------------+
Note: For table entries with two numbers listed, the numbers in parentheses indicate the number of resources of the given type used by the specific entity alone. The numbers listed outside of parentheses indicate the total resources of the given type used by the specific entity and all of its sub-entities in the hierarchy.


+------------------------------------------------------+
; General Register Statistics                          ;
+----------------------------------------------+-------+
; Statistic                                    ; Value ;
+----------------------------------------------+-------+
; Total registers                              ; 0     ;
; Number of registers using Synchronous Clear  ; 0     ;
; Number of registers using Synchronous Load   ; 0     ;
; Number of registers using Asynchronous Clear ; 0     ;
; Number of registers using Asynchronous Load  ; 0     ;
; Number of registers using Clock Enable       ; 0     ;
; Number of registers using Preset             ; 0     ;
+----------------------------------------------+-------+


+--------------------------------------------------------------------------+
; Parameter Settings for User Entity Instance: Top-level Entity: |TopLevel ;
+------------------+-------+-----------------------------------------------+
; Parameter Name   ; Value ; Type                                          ;
+------------------+-------+-----------------------------------------------+
; larguraDados     ; 8     ; Signed Integer                                ;
; larguraEnderecos ; 3     ; Signed Integer                                ;
; simulacao        ; true  ; Enumerated                                    ;
+------------------+-------+-----------------------------------------------+
Note: In order to hide this table in the UI and the text report file, please set the "Show Parameter Settings in Synthesis Report" option in "Analysis and Synthesis Settings -> More Settings" to "Off".


+----------------------------------------------------------------------------------------------------+
; Parameter Settings for User Entity Instance: sete_segmentos:HEXS|registradorGenerico:REGISTRADOR_0 ;
+----------------+-------+---------------------------------------------------------------------------+
; Parameter Name ; Value ; Type                                                                      ;
+----------------+-------+---------------------------------------------------------------------------+
; larguradados   ; 4     ; Signed Integer                                                            ;
+----------------+-------+---------------------------------------------------------------------------+
Note: In order to hide this table in the UI and the text report file, please set the "Show Parameter Settings in Synthesis Report" option in "Analysis and Synthesis Settings -> More Settings" to "Off".


+----------------------------------------------------------------------------------------------------+
; Parameter Settings for User Entity Instance: sete_segmentos:HEXS|registradorGenerico:REGISTRADOR_1 ;
+----------------+-------+---------------------------------------------------------------------------+
; Parameter Name ; Value ; Type                                                                      ;
+----------------+-------+---------------------------------------------------------------------------+
; larguradados   ; 4     ; Signed Integer                                                            ;
+----------------+-------+---------------------------------------------------------------------------+
Note: In order to hide this table in the UI and the text report file, please set the "Show Parameter Settings in Synthesis Report" option in "Analysis and Synthesis Settings -> More Settings" to "Off".


+----------------------------------------------------------------------------------------------------+
; Parameter Settings for User Entity Instance: sete_segmentos:HEXS|registradorGenerico:REGISTRADOR_2 ;
+----------------+-------+---------------------------------------------------------------------------+
; Parameter Name ; Value ; Type                                                                      ;
+----------------+-------+---------------------------------------------------------------------------+
; larguradados   ; 4     ; Signed Integer                                                            ;
+----------------+-------+---------------------------------------------------------------------------+
Note: In order to hide this table in the UI and the text report file, please set the "Show Parameter Settings in Synthesis Report" option in "Analysis and Synthesis Settings -> More Settings" to "Off".


+----------------------------------------------------------------------------------------------------+
; Parameter Settings for User Entity Instance: sete_segmentos:HEXS|registradorGenerico:REGISTRADOR_3 ;
+----------------+-------+---------------------------------------------------------------------------+
; Parameter Name ; Value ; Type                                                                      ;
+----------------+-------+---------------------------------------------------------------------------+
; larguradados   ; 4     ; Signed Integer                                                            ;
+----------------+-------+---------------------------------------------------------------------------+
Note: In order to hide this table in the UI and the text report file, please set the "Show Parameter Settings in Synthesis Report" option in "Analysis and Synthesis Settings -> More Settings" to "Off".


+----------------------------------------------------------------------------------------------------+
; Parameter Settings for User Entity Instance: sete_segmentos:HEXS|registradorGenerico:REGISTRADOR_4 ;
+----------------+-------+---------------------------------------------------------------------------+
; Parameter Name ; Value ; Type                                                                      ;
+----------------+-------+---------------------------------------------------------------------------+
; larguradados   ; 4     ; Signed Integer                                                            ;
+----------------+-------+---------------------------------------------------------------------------+
Note: In order to hide this table in the UI and the text report file, please set the "Show Parameter Settings in Synthesis Report" option in "Analysis and Synthesis Settings -> More Settings" to "Off".


+----------------------------------------------------------------------------------------------------+
; Parameter Settings for User Entity Instance: sete_segmentos:HEXS|registradorGenerico:REGISTRADOR_5 ;
+----------------+-------+---------------------------------------------------------------------------+
; Parameter Name ; Value ; Type                                                                      ;
+----------------+-------+---------------------------------------------------------------------------+
; larguradados   ; 4     ; Signed Integer                                                            ;
+----------------+-------+---------------------------------------------------------------------------+
Note: In order to hide this table in the UI and the text report file, please set the "Show Parameter Settings in Synthesis Report" option in "Analysis and Synthesis Settings -> More Settings" to "Off".


+--------------------------------------------------------------------------------+
; Parameter Settings for User Entity Instance: LED:LEDS|registradorGenerico:LEDR ;
+----------------+-------+-------------------------------------------------------+
; Parameter Name ; Value ; Type                                                  ;
+----------------+-------+-------------------------------------------------------+
; larguradados   ; 8     ; Signed Integer                                        ;
+----------------+-------+-------------------------------------------------------+
Note: In order to hide this table in the UI and the text report file, please set the "Show Parameter Settings in Synthesis Report" option in "Analysis and Synthesis Settings -> More Settings" to "Off".


+---------------------------------------------------------------------------------+
; Parameter Settings for User Entity Instance: Processador:MP|muxGenerico4x1:MUX2 ;
+----------------+-------+--------------------------------------------------------+
; Parameter Name ; Value ; Type                                                   ;
+----------------+-------+--------------------------------------------------------+
; larguradados   ; 9     ; Signed Integer                                         ;
+----------------+-------+--------------------------------------------------------+
Note: In order to hide this table in the UI and the text report file, please set the "Show Parameter Settings in Synthesis Report" option in "Analysis and Synthesis Settings -> More Settings" to "Off".


+---------------------------------------------------------------------------------+
; Parameter Settings for User Entity Instance: Processador:MP|muxGenerico2x1:MUX1 ;
+----------------+-------+--------------------------------------------------------+
; Parameter Name ; Value ; Type                                                   ;
+----------------+-------+--------------------------------------------------------+
; larguradados   ; 8     ; Signed Integer                                         ;
+----------------+-------+--------------------------------------------------------+
Note: In order to hide this table in the UI and the text report file, please set the "Show Parameter Settings in Synthesis Report" option in "Analysis and Synthesis Settings -> More Settings" to "Off".


+--------------------------------------------------------------------------------------+
; Parameter Settings for User Entity Instance: Processador:MP|registradorGenerico:REGA ;
+----------------+-------+-------------------------------------------------------------+
; Parameter Name ; Value ; Type                                                        ;
+----------------+-------+-------------------------------------------------------------+
; larguradados   ; 8     ; Signed Integer                                              ;
+----------------+-------+-------------------------------------------------------------+
Note: In order to hide this table in the UI and the text report file, please set the "Show Parameter Settings in Synthesis Report" option in "Analysis and Synthesis Settings -> More Settings" to "Off".


+---------------------------------------------------------------------------------------------+
; Parameter Settings for User Entity Instance: Processador:MP|registradorGenerico:END_RETORNO ;
+----------------+-------+--------------------------------------------------------------------+
; Parameter Name ; Value ; Type                                                               ;
+----------------+-------+--------------------------------------------------------------------+
; larguradados   ; 9     ; Signed Integer                                                     ;
+----------------+-------+--------------------------------------------------------------------+
Note: In order to hide this table in the UI and the text report file, please set the "Show Parameter Settings in Synthesis Report" option in "Analysis and Synthesis Settings -> More Settings" to "Off".


+------------------------------------------------------------------------------------+
; Parameter Settings for User Entity Instance: Processador:MP|registradorGenerico:PC ;
+----------------+-------+-----------------------------------------------------------+
; Parameter Name ; Value ; Type                                                      ;
+----------------+-------+-----------------------------------------------------------+
; larguradados   ; 9     ; Signed Integer                                            ;
+----------------+-------+-----------------------------------------------------------+
Note: In order to hide this table in the UI and the text report file, please set the "Show Parameter Settings in Synthesis Report" option in "Analysis and Synthesis Settings -> More Settings" to "Off".


+----------------------------------------------------------------------------------------+
; Parameter Settings for User Entity Instance: Processador:MP|somaConstante:incrementaPC ;
+----------------+-------+---------------------------------------------------------------+
; Parameter Name ; Value ; Type                                                          ;
+----------------+-------+---------------------------------------------------------------+
; larguradados   ; 9     ; Signed Integer                                                ;
; constante      ; 1     ; Signed Integer                                                ;
+----------------+-------+---------------------------------------------------------------+
Note: In order to hide this table in the UI and the text report file, please set the "Show Parameter Settings in Synthesis Report" option in "Analysis and Synthesis Settings -> More Settings" to "Off".


+-----------------------------------------------------------------------------+
; Parameter Settings for User Entity Instance: Processador:MP|ULASomaSub:ULA1 ;
+----------------+-------+----------------------------------------------------+
; Parameter Name ; Value ; Type                                               ;
+----------------+-------+----------------------------------------------------+
; larguradados   ; 8     ; Signed Integer                                     ;
+----------------+-------+----------------------------------------------------+
Note: In order to hide this table in the UI and the text report file, please set the "Show Parameter Settings in Synthesis Report" option in "Analysis and Synthesis Settings -> More Settings" to "Off".


+--------------------------------------------------------------+
; Parameter Settings for User Entity Instance: memoriaRAM:RAM1 ;
+----------------+-------+-------------------------------------+
; Parameter Name ; Value ; Type                                ;
+----------------+-------+-------------------------------------+
; datawidth      ; 8     ; Signed Integer                      ;
; addrwidth      ; 6     ; Signed Integer                      ;
+----------------+-------+-------------------------------------+
Note: In order to hide this table in the UI and the text report file, please set the "Show Parameter Settings in Synthesis Report" option in "Analysis and Synthesis Settings -> More Settings" to "Off".


+--------------------------------------------------------------+
; Parameter Settings for User Entity Instance: memoriaROM:ROM1 ;
+----------------+-------+-------------------------------------+
; Parameter Name ; Value ; Type                                ;
+----------------+-------+-------------------------------------+
; datawidth      ; 13    ; Signed Integer                      ;
; addrwidth      ; 9     ; Signed Integer                      ;
+----------------+-------+-------------------------------------+
Note: In order to hide this table in the UI and the text report file, please set the "Show Parameter Settings in Synthesis Report" option in "Analysis and Synthesis Settings -> More Settings" to "Off".


+-------------------------------------------------------------------+
; Port Connectivity Checks: "Processador:MP|registradorGenerico:PC" ;
+--------+-------+----------+---------------------------------------+
; Port   ; Type  ; Severity ; Details                               ;
+--------+-------+----------+---------------------------------------+
; enable ; Input ; Info     ; Stuck at VCC                          ;
; rst    ; Input ; Info     ; Stuck at GND                          ;
+--------+-------+----------+---------------------------------------+


+------------------------------------------------------------------+
; Port Connectivity Checks: "Processador:MP|FlipFlopUnitario:REGE" ;
+------+-------+----------+----------------------------------------+
; Port ; Type  ; Severity ; Details                                ;
+------+-------+----------+----------------------------------------+
; rst  ; Input ; Info     ; Stuck at GND                           ;
+------+-------+----------+----------------------------------------+


+----------------------------------------------------------------------------+
; Port Connectivity Checks: "Processador:MP|registradorGenerico:END_RETORNO" ;
+------+-------+----------+--------------------------------------------------+
; Port ; Type  ; Severity ; Details                                          ;
+------+-------+----------+--------------------------------------------------+
; rst  ; Input ; Info     ; Stuck at GND                                     ;
+------+-------+----------+--------------------------------------------------+


+---------------------------------------------------------------------+
; Port Connectivity Checks: "Processador:MP|registradorGenerico:REGA" ;
+------+-------+----------+-------------------------------------------+
; Port ; Type  ; Severity ; Details                                   ;
+------+-------+----------+-------------------------------------------+
; rst  ; Input ; Info     ; Stuck at GND                              ;
+------+-------+----------+-------------------------------------------+


+----------------------------------------------------------------+
; Port Connectivity Checks: "Processador:MP|muxGenerico4x1:MUX2" ;
+--------------+-------+----------+------------------------------+
; Port         ; Type  ; Severity ; Details                      ;
+--------------+-------+----------+------------------------------+
; entradad_mux ; Input ; Info     ; Stuck at GND                 ;
+--------------+-------+----------+------------------------------+


+------------------------------------------------------------------------------------------------------------------------------+
; Port Connectivity Checks: "Processador:MP"                                                                                   ;
+--------------------+--------+----------+-------------------------------------------------------------------------------------+
; Port               ; Type   ; Severity ; Details                                                                             ;
+--------------------+--------+----------+-------------------------------------------------------------------------------------+
; data_address[8..6] ; Output ; Info     ; Connected to dangling logic. Logic that only feeds a dangling port will be removed. ;
+--------------------+--------+----------+-------------------------------------------------------------------------------------+


+-----------------------------------------------------------------------------------------------------------------------+
; Port Connectivity Checks: "Decoder3x8:DEC1"                                                                           ;
+-------------+--------+----------+-------------------------------------------------------------------------------------+
; Port        ; Type   ; Severity ; Details                                                                             ;
+-------------+--------+----------+-------------------------------------------------------------------------------------+
; saida[7..6] ; Output ; Info     ; Connected to dangling logic. Logic that only feeds a dangling port will be removed. ;
; saida[3..1] ; Output ; Info     ; Connected to dangling logic. Logic that only feeds a dangling port will be removed. ;
+-------------+--------+----------+-------------------------------------------------------------------------------------+


+---------------------------------------------------------------+
; Port Connectivity Checks: "LED:LEDS|registradorGenerico:LEDR" ;
+------+-------+----------+-------------------------------------+
; Port ; Type  ; Severity ; Details                             ;
+------+-------+----------+-------------------------------------+
; rst  ; Input ; Info     ; Stuck at GND                        ;
+------+-------+----------+-------------------------------------+


+------------------------------------------------------------+
; Port Connectivity Checks: "LED:LEDS|FlipFlopUnitario:LED2" ;
+------+-------+----------+----------------------------------+
; Port ; Type  ; Severity ; Details                          ;
+------+-------+----------+----------------------------------+
; rst  ; Input ; Info     ; Stuck at GND                     ;
+------+-------+----------+----------------------------------+


+------------------------------------------------------------+
; Port Connectivity Checks: "LED:LEDS|FlipFlopUnitario:LED1" ;
+------+-------+----------+----------------------------------+
; Port ; Type  ; Severity ; Details                          ;
+------+-------+----------+----------------------------------+
; rst  ; Input ; Info     ; Stuck at GND                     ;
+------+-------+----------+----------------------------------+


+------------------------------------------------------------------------------------------------------------------------+
; Port Connectivity Checks: "LED:LEDS"                                                                                   ;
+--------------+--------+----------+-------------------------------------------------------------------------------------+
; Port         ; Type   ; Severity ; Details                                                                             ;
+--------------+--------+----------+-------------------------------------------------------------------------------------+
; ledr_address ; Output ; Info     ; Connected to dangling logic. Logic that only feeds a dangling port will be removed. ;
; led1_address ; Output ; Info     ; Connected to dangling logic. Logic that only feeds a dangling port will be removed. ;
; led2_address ; Output ; Info     ; Connected to dangling logic. Logic that only feeds a dangling port will be removed. ;
+--------------+--------+----------+-------------------------------------------------------------------------------------+


+--------------------------------------------------------------------------------+
; Port Connectivity Checks: "sete_segmentos:HEXS|conversorHex7Seg:HEXADECIMAL_5" ;
+----------+-------+----------+--------------------------------------------------+
; Port     ; Type  ; Severity ; Details                                          ;
+----------+-------+----------+--------------------------------------------------+
; apaga    ; Input ; Info     ; Stuck at GND                                     ;
; negativo ; Input ; Info     ; Stuck at GND                                     ;
; overflow ; Input ; Info     ; Stuck at GND                                     ;
+----------+-------+----------+--------------------------------------------------+


+-----------------------------------------------------------------------------------+
; Port Connectivity Checks: "sete_segmentos:HEXS|registradorGenerico:REGISTRADOR_5" ;
+------+-------+----------+---------------------------------------------------------+
; Port ; Type  ; Severity ; Details                                                 ;
+------+-------+----------+---------------------------------------------------------+
; rst  ; Input ; Info     ; Stuck at GND                                            ;
+------+-------+----------+---------------------------------------------------------+


+--------------------------------------------------------------------------------+
; Port Connectivity Checks: "sete_segmentos:HEXS|conversorHex7Seg:HEXADECIMAL_4" ;
+----------+-------+----------+--------------------------------------------------+
; Port     ; Type  ; Severity ; Details                                          ;
+----------+-------+----------+--------------------------------------------------+
; apaga    ; Input ; Info     ; Stuck at GND                                     ;
; negativo ; Input ; Info     ; Stuck at GND                                     ;
; overflow ; Input ; Info     ; Stuck at GND                                     ;
+----------+-------+----------+--------------------------------------------------+


+-----------------------------------------------------------------------------------+
; Port Connectivity Checks: "sete_segmentos:HEXS|registradorGenerico:REGISTRADOR_4" ;
+------+-------+----------+---------------------------------------------------------+
; Port ; Type  ; Severity ; Details                                                 ;
+------+-------+----------+---------------------------------------------------------+
; rst  ; Input ; Info     ; Stuck at GND                                            ;
+------+-------+----------+---------------------------------------------------------+


+--------------------------------------------------------------------------------+
; Port Connectivity Checks: "sete_segmentos:HEXS|conversorHex7Seg:HEXADECIMAL_3" ;
+----------+-------+----------+--------------------------------------------------+
; Port     ; Type  ; Severity ; Details                                          ;
+----------+-------+----------+--------------------------------------------------+
; apaga    ; Input ; Info     ; Stuck at GND                                     ;
; negativo ; Input ; Info     ; Stuck at GND                                     ;
; overflow ; Input ; Info     ; Stuck at GND                                     ;
+----------+-------+----------+--------------------------------------------------+


+-----------------------------------------------------------------------------------+
; Port Connectivity Checks: "sete_segmentos:HEXS|registradorGenerico:REGISTRADOR_3" ;
+------+-------+----------+---------------------------------------------------------+
; Port ; Type  ; Severity ; Details                                                 ;
+------+-------+----------+---------------------------------------------------------+
; rst  ; Input ; Info     ; Stuck at GND                                            ;
+------+-------+----------+---------------------------------------------------------+


+--------------------------------------------------------------------------------+
; Port Connectivity Checks: "sete_segmentos:HEXS|conversorHex7Seg:HEXADECIMAL_2" ;
+----------+-------+----------+--------------------------------------------------+
; Port     ; Type  ; Severity ; Details                                          ;
+----------+-------+----------+--------------------------------------------------+
; apaga    ; Input ; Info     ; Stuck at GND                                     ;
; negativo ; Input ; Info     ; Stuck at GND                                     ;
; overflow ; Input ; Info     ; Stuck at GND                                     ;
+----------+-------+----------+--------------------------------------------------+


+-----------------------------------------------------------------------------------+
; Port Connectivity Checks: "sete_segmentos:HEXS|registradorGenerico:REGISTRADOR_2" ;
+------+-------+----------+---------------------------------------------------------+
; Port ; Type  ; Severity ; Details                                                 ;
+------+-------+----------+---------------------------------------------------------+
; rst  ; Input ; Info     ; Stuck at GND                                            ;
+------+-------+----------+---------------------------------------------------------+


+--------------------------------------------------------------------------------+
; Port Connectivity Checks: "sete_segmentos:HEXS|conversorHex7Seg:HEXADECIMAL_1" ;
+----------+-------+----------+--------------------------------------------------+
; Port     ; Type  ; Severity ; Details                                          ;
+----------+-------+----------+--------------------------------------------------+
; apaga    ; Input ; Info     ; Stuck at GND                                     ;
; negativo ; Input ; Info     ; Stuck at GND                                     ;
; overflow ; Input ; Info     ; Stuck at GND                                     ;
+----------+-------+----------+--------------------------------------------------+


+-----------------------------------------------------------------------------------+
; Port Connectivity Checks: "sete_segmentos:HEXS|registradorGenerico:REGISTRADOR_1" ;
+------+-------+----------+---------------------------------------------------------+
; Port ; Type  ; Severity ; Details                                                 ;
+------+-------+----------+---------------------------------------------------------+
; rst  ; Input ; Info     ; Stuck at GND                                            ;
+------+-------+----------+---------------------------------------------------------+


+--------------------------------------------------------------------------------+
; Port Connectivity Checks: "sete_segmentos:HEXS|conversorHex7Seg:HEXADECIMAL_0" ;
+----------+-------+----------+--------------------------------------------------+
; Port     ; Type  ; Severity ; Details                                          ;
+----------+-------+----------+--------------------------------------------------+
; apaga    ; Input ; Info     ; Stuck at GND                                     ;
; negativo ; Input ; Info     ; Stuck at GND                                     ;
; overflow ; Input ; Info     ; Stuck at GND                                     ;
+----------+-------+----------+--------------------------------------------------+


+-----------------------------------------------------------------------------------+
; Port Connectivity Checks: "sete_segmentos:HEXS|registradorGenerico:REGISTRADOR_0" ;
+------+-------+----------+---------------------------------------------------------+
; Port ; Type  ; Severity ; Details                                                 ;
+------+-------+----------+---------------------------------------------------------+
; rst  ; Input ; Info     ; Stuck at GND                                            ;
+------+-------+----------+---------------------------------------------------------+


+----------------------------------------------------------------------------------------------------------------+
; Port Connectivity Checks: "sete_segmentos:HEXS"                                                                ;
+------+--------+----------+-------------------------------------------------------------------------------------+
; Port ; Type   ; Severity ; Details                                                                             ;
+------+--------+----------+-------------------------------------------------------------------------------------+
; hex0 ; Output ; Info     ; Connected to dangling logic. Logic that only feeds a dangling port will be removed. ;
; hex1 ; Output ; Info     ; Connected to dangling logic. Logic that only feeds a dangling port will be removed. ;
; hex2 ; Output ; Info     ; Connected to dangling logic. Logic that only feeds a dangling port will be removed. ;
; hex3 ; Output ; Info     ; Connected to dangling logic. Logic that only feeds a dangling port will be removed. ;
; hex4 ; Output ; Info     ; Connected to dangling logic. Logic that only feeds a dangling port will be removed. ;
; hex5 ; Output ; Info     ; Connected to dangling logic. Logic that only feeds a dangling port will be removed. ;
+------+--------+----------+-------------------------------------------------------------------------------------+


+---------------------------------------------------------+
; Port Connectivity Checks: "buffer_3_state_8portas:SW_9" ;
+---------------+-------+----------+----------------------+
; Port          ; Type  ; Severity ; Details              ;
+---------------+-------+----------+----------------------+
; entrada[7..1] ; Input ; Info     ; Stuck at GND         ;
+---------------+-------+----------+----------------------+


+---------------------------------------------------------+
; Port Connectivity Checks: "buffer_3_state_8portas:SW_8" ;
+---------------+-------+----------+----------------------+
; Port          ; Type  ; Severity ; Details              ;
+---------------+-------+----------+----------------------+
; entrada[7..1] ; Input ; Info     ; Stuck at GND         ;
+---------------+-------+----------+----------------------+


+---------------------------------------------------------------+
; Port Connectivity Checks: "buffer_3_state_8portas:FPGA_RESET" ;
+---------------+-------+----------+----------------------------+
; Port          ; Type  ; Severity ; Details                    ;
+---------------+-------+----------+----------------------------+
; entrada[7..1] ; Input ; Info     ; Stuck at GND               ;
+---------------+-------+----------+----------------------------+


+---------------------------------------------------------+
; Port Connectivity Checks: "buffer_3_state_8portas:KEY3" ;
+---------------+-------+----------+----------------------+
; Port          ; Type  ; Severity ; Details              ;
+---------------+-------+----------+----------------------+
; entrada[7..1] ; Input ; Info     ; Stuck at GND         ;
+---------------+-------+----------+----------------------+


+---------------------------------------------------------+
; Port Connectivity Checks: "buffer_3_state_8portas:KEY2" ;
+---------------+-------+----------+----------------------+
; Port          ; Type  ; Severity ; Details              ;
+---------------+-------+----------+----------------------+
; entrada[7..1] ; Input ; Info     ; Stuck at GND         ;
+---------------+-------+----------+----------------------+


+---------------------------------------------------------+
; Port Connectivity Checks: "buffer_3_state_8portas:KEY1" ;
+---------------+-------+----------+----------------------+
; Port          ; Type  ; Severity ; Details              ;
+---------------+-------+----------+----------------------+
; entrada[7..1] ; Input ; Info     ; Stuck at GND         ;
+---------------+-------+----------+----------------------+


+-----------------------------------------------------+
; Post-Synthesis Netlist Statistics for Top Partition ;
+-----------------------+-----------------------------+
; Type                  ; Count                       ;
+-----------------------+-----------------------------+
; arriav_lcell_comb     ; 1                           ;
;     normal            ; 1                           ;
;         0 data inputs ; 1                           ;
; boundary_port         ; 26                          ;
;                       ;                             ;
; Max LUT depth         ; 0.00                        ;
; Average LUT depth     ; 0.00                        ;
+-----------------------+-----------------------------+


+-------------------------------+
; Elapsed Time Per Partition    ;
+----------------+--------------+
; Partition Name ; Elapsed Time ;
+----------------+--------------+
; Top            ; 00:00:00     ;
+----------------+--------------+


+-------------------------------+
; Analysis & Synthesis Messages ;
+-------------------------------+
Info: *******************************************************************
Info: Running Quartus Prime Analysis & Synthesis
    Info: Version 20.1.0 Build 711 06/05/2020 SJ Lite Edition
    Info: Processing started: Sun Oct 09 16:22:00 2022
Info: Command: quartus_map --read_settings_files=on --write_settings_files=off atv1aula1 -c atv1aula1
Warning (18236): Number of processors has not been specified which may cause overloading on shared machines.  Set the global assignment NUM_PARALLEL_PROCESSORS in your QSF to an appropriate value for best performance.
Info (20030): Parallel compilation is enabled and will use 4 of the 4 processors detected
Info (12021): Found 2 design units, including 1 entities, in source file ulasomasub.vhd
    Info (12022): Found design unit 1: ULASomaSub-comportamento File: C:/DesComp/AULA_8/ULASomaSub.vhd Line: 15
    Info (12023): Found entity 1: ULASomaSub File: C:/DesComp/AULA_8/ULASomaSub.vhd Line: 5
Info (12021): Found 2 design units, including 1 entities, in source file toplevel.vhd
    Info (12022): Found design unit 1: TopLevel-arquitetura File: C:/DesComp/AULA_8/TopLevel.vhd Line: 28
    Info (12023): Found entity 1: TopLevel File: C:/DesComp/AULA_8/TopLevel.vhd Line: 4
Info (12021): Found 2 design units, including 1 entities, in source file registradorgenerico.vhd
    Info (12022): Found design unit 1: registradorGenerico-comportamento File: C:/DesComp/AULA_8/registradorGenerico.vhd Line: 15
    Info (12023): Found entity 1: registradorGenerico File: C:/DesComp/AULA_8/registradorGenerico.vhd Line: 4
Info (12021): Found 2 design units, including 1 entities, in source file muxgenerico2x1.vhd
    Info (12022): Found design unit 1: muxGenerico2x1-comportamento File: C:/DesComp/AULA_8/muxGenerico2x1.vhd Line: 14
    Info (12023): Found entity 1: muxGenerico2x1 File: C:/DesComp/AULA_8/muxGenerico2x1.vhd Line: 4
Info (12021): Found 3 design units, including 1 entities, in source file edgedetector.vhd
    Info (12022): Found design unit 1: edgeDetector-bordaSubida File: C:/DesComp/AULA_8/edgeDetector.vhd Line: 10
    Info (12022): Found design unit 2: edgeDetector-bordaDescida File: C:/DesComp/AULA_8/edgeDetector.vhd Line: 23
    Info (12023): Found entity 1: edgeDetector File: C:/DesComp/AULA_8/edgeDetector.vhd Line: 4
Info (12021): Found 2 design units, including 1 entities, in source file memoriarom.vhd
    Info (12022): Found design unit 1: memoriaROM-assincrona File: C:/DesComp/AULA_8/memoriaROM.vhd Line: 16
    Info (12023): Found entity 1: memoriaROM File: C:/DesComp/AULA_8/memoriaROM.vhd Line: 5
Info (12021): Found 2 design units, including 1 entities, in source file somaconstante.vhd
    Info (12022): Found design unit 1: somaConstante-comportamento File: C:/DesComp/AULA_8/somaConstante.vhd Line: 18
    Info (12023): Found entity 1: somaConstante File: C:/DesComp/AULA_8/somaConstante.vhd Line: 5
Info (12021): Found 2 design units, including 1 entities, in source file decoderinstru.vhd
    Info (12022): Found design unit 1: decoderInstru-comportamento File: C:/DesComp/AULA_8/decoderInstru.vhd Line: 10
    Info (12023): Found entity 1: decoderInstru File: C:/DesComp/AULA_8/decoderInstru.vhd Line: 4
Info (12021): Found 2 design units, including 1 entities, in source file memoriaram.vhd
    Info (12022): Found design unit 1: memoriaRAM-rtl File: C:/DesComp/AULA_8/memoriaRAM.vhd Line: 21
    Info (12023): Found entity 1: memoriaRAM File: C:/DesComp/AULA_8/memoriaRAM.vhd Line: 5
Info (12021): Found 2 design units, including 1 entities, in source file flipflopunitario.vhd
    Info (12022): Found design unit 1: FlipFlopUnitario-comportamento File: C:/DesComp/AULA_8/FlipFlopUnitario.vhd Line: 12
    Info (12023): Found entity 1: FlipFlopUnitario File: C:/DesComp/AULA_8/FlipFlopUnitario.vhd Line: 4
Info (12021): Found 2 design units, including 1 entities, in source file logicadedesvio.vhd
    Info (12022): Found design unit 1: LogicaDeDesvio-comportamento File: C:/DesComp/AULA_8/LogicaDeDesvio.vhd Line: 16
    Info (12023): Found entity 1: LogicaDeDesvio File: C:/DesComp/AULA_8/LogicaDeDesvio.vhd Line: 4
Info (12021): Found 2 design units, including 1 entities, in source file muxgenerico4x1.vhd
    Info (12022): Found design unit 1: muxGenerico4x1-comportamento File: C:/DesComp/AULA_8/muxGenerico4x1.vhd Line: 14
    Info (12023): Found entity 1: muxGenerico4x1 File: C:/DesComp/AULA_8/muxGenerico4x1.vhd Line: 4
Info (12021): Found 2 design units, including 1 entities, in source file processador.vhd
    Info (12022): Found design unit 1: Processador-arquitetura File: C:/DesComp/AULA_8/Processador.vhd Line: 21
    Info (12023): Found entity 1: Processador File: C:/DesComp/AULA_8/Processador.vhd Line: 4
Info (12021): Found 2 design units, including 1 entities, in source file decoder3x8.vhd
    Info (12022): Found design unit 1: Decoder3x8-comportamento File: C:/DesComp/AULA_8/Decoder3x8.vhd Line: 10
    Info (12023): Found entity 1: Decoder3x8 File: C:/DesComp/AULA_8/Decoder3x8.vhd Line: 4
Info (12021): Found 2 design units, including 1 entities, in source file led.vhd
    Info (12022): Found design unit 1: LED-arquitetura File: C:/DesComp/AULA_8/LED.vhd Line: 23
    Info (12023): Found entity 1: LED File: C:/DesComp/AULA_8/LED.vhd Line: 4
Info (12021): Found 2 design units, including 1 entities, in source file buffer_3_state_8portas.vhd
    Info (12022): Found design unit 1: buffer_3_state_8portas-comportamento File: C:/DesComp/AULA_8/buffer_3_state_8portas.vhd Line: 11
    Info (12023): Found entity 1: buffer_3_state_8portas File: C:/DesComp/AULA_8/buffer_3_state_8portas.vhd Line: 4
Info (12021): Found 2 design units, including 1 entities, in source file conversorhex7seg.vhd
    Info (12022): Found design unit 1: conversorHex7Seg-comportamento File: C:/DesComp/AULA_8/conversorHex7Seg.vhd Line: 17
    Info (12023): Found entity 1: conversorHex7Seg File: C:/DesComp/AULA_8/conversorHex7Seg.vhd Line: 4
Info (12021): Found 2 design units, including 1 entities, in source file setesegmentos.vhd
    Info (12022): Found design unit 1: sete_segmentos-arquitetura File: C:/DesComp/AULA_8/seteSegmentos.vhd Line: 27
    Info (12023): Found entity 1: sete_segmentos File: C:/DesComp/AULA_8/seteSegmentos.vhd Line: 4
Info (12127): Elaborating entity "TopLevel" for the top level hierarchy
Warning (10541): VHDL Signal Declaration warning at TopLevel.vhd(22): used implicit default value for signal "LEDR" because signal was never assigned a value or an explicit default value. Use of implicit default value may introduce unintended design optimizations. File: C:/DesComp/AULA_8/TopLevel.vhd Line: 22
Warning (10036): Verilog HDL or VHDL warning at TopLevel.vhd(46): object "LED1_endereco" assigned a value but never read File: C:/DesComp/AULA_8/TopLevel.vhd Line: 46
Warning (10036): Verilog HDL or VHDL warning at TopLevel.vhd(47): object "LED2_endereco" assigned a value but never read File: C:/DesComp/AULA_8/TopLevel.vhd Line: 47
Warning (10036): Verilog HDL or VHDL warning at TopLevel.vhd(48): object "LEDR_endereco" assigned a value but never read File: C:/DesComp/AULA_8/TopLevel.vhd Line: 48
Warning (10036): Verilog HDL or VHDL warning at TopLevel.vhd(53): object "HEX0" assigned a value but never read File: C:/DesComp/AULA_8/TopLevel.vhd Line: 53
Warning (10036): Verilog HDL or VHDL warning at TopLevel.vhd(54): object "HEX1" assigned a value but never read File: C:/DesComp/AULA_8/TopLevel.vhd Line: 54
Warning (10036): Verilog HDL or VHDL warning at TopLevel.vhd(55): object "HEX2" assigned a value but never read File: C:/DesComp/AULA_8/TopLevel.vhd Line: 55
Warning (10036): Verilog HDL or VHDL warning at TopLevel.vhd(56): object "HEX3" assigned a value but never read File: C:/DesComp/AULA_8/TopLevel.vhd Line: 56
Warning (10036): Verilog HDL or VHDL warning at TopLevel.vhd(57): object "HEX4" assigned a value but never read File: C:/DesComp/AULA_8/TopLevel.vhd Line: 57
Warning (10036): Verilog HDL or VHDL warning at TopLevel.vhd(58): object "HEX5" assigned a value but never read File: C:/DesComp/AULA_8/TopLevel.vhd Line: 58
Warning (10036): Verilog HDL or VHDL warning at TopLevel.vhd(64): object "FF_RESET" assigned a value but never read File: C:/DesComp/AULA_8/TopLevel.vhd Line: 64
Info (12128): Elaborating entity "buffer_3_state_8portas" for hierarchy "buffer_3_state_8portas:KEY1" File: C:/DesComp/AULA_8/TopLevel.vhd Line: 110
Info (12128): Elaborating entity "sete_segmentos" for hierarchy "sete_segmentos:HEXS" File: C:/DesComp/AULA_8/TopLevel.vhd Line: 159
Info (12128): Elaborating entity "registradorGenerico" for hierarchy "sete_segmentos:HEXS|registradorGenerico:REGISTRADOR_0" File: C:/DesComp/AULA_8/seteSegmentos.vhd Line: 38
Info (12128): Elaborating entity "conversorHex7Seg" for hierarchy "sete_segmentos:HEXS|conversorHex7Seg:HEXADECIMAL_0" File: C:/DesComp/AULA_8/seteSegmentos.vhd Line: 46
Info (12128): Elaborating entity "LED" for hierarchy "LED:LEDS" File: C:/DesComp/AULA_8/TopLevel.vhd Line: 176
Info (12128): Elaborating entity "FlipFlopUnitario" for hierarchy "LED:LEDS|FlipFlopUnitario:LED1" File: C:/DesComp/AULA_8/LED.vhd Line: 37
Info (12128): Elaborating entity "registradorGenerico" for hierarchy "LED:LEDS|registradorGenerico:LEDR" File: C:/DesComp/AULA_8/LED.vhd Line: 46
Info (12128): Elaborating entity "Decoder3x8" for hierarchy "Decoder3x8:DEC1" File: C:/DesComp/AULA_8/TopLevel.vhd Line: 191
Info (12128): Elaborating entity "Processador" for hierarchy "Processador:MP" File: C:/DesComp/AULA_8/TopLevel.vhd Line: 210
Warning (10541): VHDL Signal Declaration warning at Processador.vhd(27): used implicit default value for signal "Sinais_Controle" because signal was never assigned a value or an explicit default value. Use of implicit default value may introduce unintended design optimizations. File: C:/DesComp/AULA_8/Processador.vhd Line: 27
Info (12128): Elaborating entity "muxGenerico4x1" for hierarchy "Processador:MP|muxGenerico4x1:MUX2" File: C:/DesComp/AULA_8/Processador.vhd Line: 47
Info (12128): Elaborating entity "muxGenerico2x1" for hierarchy "Processador:MP|muxGenerico2x1:MUX1" File: C:/DesComp/AULA_8/Processador.vhd Line: 56
Info (12128): Elaborating entity "decoderInstru" for hierarchy "Processador:MP|decoderInstru:DECODER" File: C:/DesComp/AULA_8/Processador.vhd Line: 63
Info (12128): Elaborating entity "LogicaDeDesvio" for hierarchy "Processador:MP|LogicaDeDesvio:LOGICADESVIO" File: C:/DesComp/AULA_8/Processador.vhd Line: 67
Info (12128): Elaborating entity "registradorGenerico" for hierarchy "Processador:MP|registradorGenerico:END_RETORNO" File: C:/DesComp/AULA_8/Processador.vhd Line: 80
Info (12128): Elaborating entity "somaConstante" for hierarchy "Processador:MP|somaConstante:incrementaPC" File: C:/DesComp/AULA_8/Processador.vhd Line: 92
Info (12128): Elaborating entity "ULASomaSub" for hierarchy "Processador:MP|ULASomaSub:ULA1" File: C:/DesComp/AULA_8/Processador.vhd Line: 97
Info (12128): Elaborating entity "memoriaRAM" for hierarchy "memoriaRAM:RAM1" File: C:/DesComp/AULA_8/TopLevel.vhd Line: 222
Info (12128): Elaborating entity "memoriaROM" for hierarchy "memoriaROM:ROM1" File: C:/DesComp/AULA_8/TopLevel.vhd Line: 232
Warning (13024): Output pins are stuck at VCC or GND
    Warning (13410): Pin "LEDR[0]" is stuck at GND File: C:/DesComp/AULA_8/TopLevel.vhd Line: 22
    Warning (13410): Pin "LEDR[1]" is stuck at GND File: C:/DesComp/AULA_8/TopLevel.vhd Line: 22
    Warning (13410): Pin "LEDR[2]" is stuck at GND File: C:/DesComp/AULA_8/TopLevel.vhd Line: 22
    Warning (13410): Pin "LEDR[3]" is stuck at GND File: C:/DesComp/AULA_8/TopLevel.vhd Line: 22
    Warning (13410): Pin "LEDR[4]" is stuck at GND File: C:/DesComp/AULA_8/TopLevel.vhd Line: 22
    Warning (13410): Pin "LEDR[5]" is stuck at GND File: C:/DesComp/AULA_8/TopLevel.vhd Line: 22
    Warning (13410): Pin "LEDR[6]" is stuck at GND File: C:/DesComp/AULA_8/TopLevel.vhd Line: 22
    Warning (13410): Pin "LEDR[7]" is stuck at GND File: C:/DesComp/AULA_8/TopLevel.vhd Line: 22
    Warning (13410): Pin "LEDR[8]" is stuck at GND File: C:/DesComp/AULA_8/TopLevel.vhd Line: 22
    Warning (13410): Pin "LEDR[9]" is stuck at GND File: C:/DesComp/AULA_8/TopLevel.vhd Line: 22
Info (16010): Generating hard_block partition "hard_block:auto_generated_inst"
    Info (16011): Adding 0 node(s), including 0 DDIO, 0 PLL, 0 transceiver and 0 LCELL
Warning (21074): Design contains 16 input pin(s) that do not drive logic
    Warning (15610): No output dependent on input pin "CLOCK_50" File: C:/DesComp/AULA_8/TopLevel.vhd Line: 16
    Warning (15610): No output dependent on input pin "KEY[0]" File: C:/DesComp/AULA_8/TopLevel.vhd Line: 17
    Warning (15610): No output dependent on input pin "KEY[1]" File: C:/DesComp/AULA_8/TopLevel.vhd Line: 17
    Warning (15610): No output dependent on input pin "KEY[2]" File: C:/DesComp/AULA_8/TopLevel.vhd Line: 17
    Warning (15610): No output dependent on input pin "KEY[3]" File: C:/DesComp/AULA_8/TopLevel.vhd Line: 17
    Warning (15610): No output dependent on input pin "SW[0]" File: C:/DesComp/AULA_8/TopLevel.vhd Line: 18
    Warning (15610): No output dependent on input pin "SW[1]" File: C:/DesComp/AULA_8/TopLevel.vhd Line: 18
    Warning (15610): No output dependent on input pin "SW[2]" File: C:/DesComp/AULA_8/TopLevel.vhd Line: 18
    Warning (15610): No output dependent on input pin "SW[3]" File: C:/DesComp/AULA_8/TopLevel.vhd Line: 18
    Warning (15610): No output dependent on input pin "SW[4]" File: C:/DesComp/AULA_8/TopLevel.vhd Line: 18
    Warning (15610): No output dependent on input pin "SW[5]" File: C:/DesComp/AULA_8/TopLevel.vhd Line: 18
    Warning (15610): No output dependent on input pin "SW[6]" File: C:/DesComp/AULA_8/TopLevel.vhd Line: 18
    Warning (15610): No output dependent on input pin "SW[7]" File: C:/DesComp/AULA_8/TopLevel.vhd Line: 18
    Warning (15610): No output dependent on input pin "SW[8]" File: C:/DesComp/AULA_8/TopLevel.vhd Line: 18
    Warning (15610): No output dependent on input pin "SW[9]" File: C:/DesComp/AULA_8/TopLevel.vhd Line: 18
    Warning (15610): No output dependent on input pin "RESET_FPGA" File: C:/DesComp/AULA_8/TopLevel.vhd Line: 19
Info (21057): Implemented 26 device resources after synthesis - the final resource count might be different
    Info (21058): Implemented 16 input pins
    Info (21059): Implemented 10 output pins
Info: Quartus Prime Analysis & Synthesis was successful. 0 errors, 41 warnings
    Info: Peak virtual memory: 4848 megabytes
    Info: Processing ended: Sun Oct 09 16:22:15 2022
    Info: Elapsed time: 00:00:15
    Info: Total CPU time (on all processors): 00:00:31


